#
# There is insufficient memory for the Java Runtime Environment to continue.
# Native memory allocation (mmap) failed to map 251658240 bytes for Failed to commit area from 0x0000000710e00000 to 0x000000071fe00000 of length 251658240.
# Possible reasons:
#   The system is out of physical RAM or swap space
#   The process is running with CompressedOops enabled, and the Java Heap may be blocking the growth of the native heap
# Possible solutions:
#   Reduce memory load on the system
#   Increase physical memory or swap space
#   Check if swap backing store is full
#   Decrease Java heap size (-Xmx/-Xms)
#   Decrease number of Java threads
#   Decrease Java thread stack sizes (-Xss)
#   Set larger code cache with -XX:ReservedCodeCacheSize=
# This output file may be truncated or incomplete.
#
#  Out of Memory Error (./src/hotspot/os/windows/os_windows.cpp:3301), pid=23980, tid=30280
#
# JRE version:  (11.0.10) (build )
# Java VM: OpenJDK 64-Bit Server VM (11.0.10+0-b96-7249189, mixed mode, sharing, tiered, compressed oops, g1 gc, windows-amd64)
# No core dump will be written. Minidumps are not enabled by default on client versions of Windows
#

---------------  S U M M A R Y ------------

Command Line: org.jetbrains.git4idea.http.GitAskPassApp Username for 'https://github.com': 

Host: AMD Ryzen 5 3500U with Radeon Vega Mobile Gfx  , 8 cores, 14G,  Windows 10 , 64 bit Build 22000 (10.0.22000.282)
Time: Wed Oct 27 22:13:06 2021 RTZ 2 (зима) elapsed time: 0.013808 seconds (0d 0h 0m 0s)

---------------  T H R E A D  ---------------

Current thread (0x00000278962ed000):  JavaThread "Unknown thread" [_thread_in_vm, id=30280, stack(0x000000a2abc00000,0x000000a2abd00000)]

Stack: [0x000000a2abc00000,0x000000a2abd00000]
Native frames: (J=compiled Java code, j=interpreted, Vv=VM code, C=native code)
V  [jvm.dll+0x5ecfaa]
V  [jvm.dll+0x722bd5]
V  [jvm.dll+0x72412d]
V  [jvm.dll+0x7247e3]
V  [jvm.dll+0x242928]
V  [jvm.dll+0x5ea374]
V  [jvm.dll+0x5df425]
V  [jvm.dll+0x2fdebb]
V  [jvm.dll+0x2fde2a]
V  [jvm.dll+0x2fdd02]
V  [jvm.dll+0x302bf6]
V  [jvm.dll+0x34b2a3]
V  [jvm.dll+0x34b9a6]
V  [jvm.dll+0x34b3a3]
V  [jvm.dll+0x2d8888]
V  [jvm.dll+0x2d9a37]
V  [jvm.dll+0x701737]
V  [jvm.dll+0x702f2c]
V  [jvm.dll+0x3587d9]
V  [jvm.dll+0x6e4fae]
V  [jvm.dll+0x3c0be3]
V  [jvm.dll+0x3c2e91]
C  [jli.dll+0x5373]
C  [ucrtbase.dll+0x26c0c]
C  [KERNEL32.DLL+0x154e0]
C  [ntdll.dll+0x485b]


---------------  P R O C E S S  ---------------

Threads class SMR info:
_java_thread_list=0x000002789409f7c0, length=0, elements={
}

Java Threads: ( => current thread )

Other Threads:
  0x0000027896306800 GCTaskThread "GC Thread#0" [stack: 0x000000a2abd00000,0x000000a2abe00000] [id=27484]
  0x000002789635e800 ConcurrentGCThread "G1 Main Marker" [stack: 0x000000a2abe00000,0x000000a2abf00000] [id=25636]
  0x0000027896361000 ConcurrentGCThread "G1 Conc#0" [stack: 0x000000a2abf00000,0x000000a2ac000000] [id=23492]

[error occurred during error reporting (printing all threads), id 0xc0000005, EXCEPTION_ACCESS_VIOLATION (0xc0000005) at pc=0x00007ffd93c49107]

VM state:not at safepoint (not fully initialized)

VM Mutex/Monitor currently owned by a thread:  ([mutex/lock_event])
[0x00000278962e9dd0] Heap_lock - owner thread: 0x00000278962ed000

Heap address: 0x0000000710e00000, size: 3826 MB, Compressed Oops mode: Non-zero based: 0x0000000710e00000
Narrow klass base: 0x0000000000000000, Narrow klass shift: 0

GC Heap History (0 events):
No events

Deoptimization events (0 events):
No events

Classes redefined (0 events):
No events

Internal exceptions (0 events):
No events

Events (1 events):
Event: 0.009 Loaded shared library C:\Program Files\Android\Android Studio\jre\bin\zip.dll


Dynamic libraries:
0x00007ff669c80000 - 0x00007ff669c8a000 	C:\Program Files\Android\Android Studio\jre\bin\java.exe
0x00007ffdd4ec0000 - 0x00007ffdd50c7000 	C:\WINDOWS\SYSTEM32\ntdll.dll
0x00007ffdd4180000 - 0x00007ffdd423d000 	C:\WINDOWS\System32\KERNEL32.DLL
0x00007ffdd27f0000 - 0x00007ffdd2b64000 	C:\WINDOWS\System32\KERNELBASE.dll
0x00007ffdcf370000 - 0x00007ffdcf401000 	C:\WINDOWS\SYSTEM32\apphelp.dll
0x00007ffdd2460000 - 0x00007ffdd2571000 	C:\WINDOWS\System32\ucrtbase.dll
0x00007ffdad820000 - 0x00007ffdad839000 	C:\Program Files\Android\Android Studio\jre\bin\jli.dll
0x00007ffdad570000 - 0x00007ffdad587000 	C:\Program Files\Android\Android Studio\jre\bin\VCRUNTIME140.dll
0x00007ffdd4830000 - 0x00007ffdd49dc000 	C:\WINDOWS\System32\USER32.dll
0x00007ffdc52d0000 - 0x00007ffdc5575000 	C:\WINDOWS\WinSxS\amd64_microsoft.windows.common-controls_6595b64144ccf1df_6.0.22000.120_none_9d947278b86cc467\COMCTL32.dll
0x00007ffdd27c0000 - 0x00007ffdd27e6000 	C:\WINDOWS\System32\win32u.dll
0x00007ffdd42a0000 - 0x00007ffdd4343000 	C:\WINDOWS\System32\msvcrt.dll
0x00007ffdd46e0000 - 0x00007ffdd4709000 	C:\WINDOWS\System32\GDI32.dll
0x00007ffdd2580000 - 0x00007ffdd2692000 	C:\WINDOWS\System32\gdi32full.dll
0x00007ffdd26a0000 - 0x00007ffdd273d000 	C:\WINDOWS\System32\msvcp_win.dll
0x00007ffdd4e40000 - 0x00007ffdd4e71000 	C:\WINDOWS\System32\IMM32.DLL
0x00007ffd96320000 - 0x00007ffd963bd000 	C:\Program Files\Android\Android Studio\jre\bin\msvcp140.dll
0x00007ffd93960000 - 0x00007ffd9442f000 	C:\Program Files\Android\Android Studio\jre\bin\server\jvm.dll
0x00007ffdd2d50000 - 0x00007ffdd2dfc000 	C:\WINDOWS\System32\ADVAPI32.dll
0x00007ffdd37f0000 - 0x00007ffdd388d000 	C:\WINDOWS\System32\sechost.dll
0x00007ffdd38b0000 - 0x00007ffdd39d1000 	C:\WINDOWS\System32\RPCRT4.dll
0x00007ffdd2ef0000 - 0x00007ffdd2ef8000 	C:\WINDOWS\System32\PSAPI.DLL
0x00007ffdc5610000 - 0x00007ffdc5619000 	C:\WINDOWS\SYSTEM32\WSOCK32.dll
0x00007ffdc7d60000 - 0x00007ffdc7d6a000 	C:\WINDOWS\SYSTEM32\VERSION.dll
0x00007ffdcb550000 - 0x00007ffdcb583000 	C:\WINDOWS\SYSTEM32\WINMM.dll
0x00007ffdd4ac0000 - 0x00007ffdd4b2f000 	C:\WINDOWS\System32\WS2_32.dll
0x00007ffdd14c0000 - 0x00007ffdd14d8000 	C:\WINDOWS\SYSTEM32\kernel.appcore.dll
0x00007ffdb8570000 - 0x00007ffdb8581000 	C:\Program Files\Android\Android Studio\jre\bin\verify.dll
0x00007ffdcf670000 - 0x00007ffdcf891000 	C:\WINDOWS\SYSTEM32\DBGHELP.DLL
0x00007ffdbc060000 - 0x00007ffdbc091000 	C:\WINDOWS\SYSTEM32\dbgcore.DLL
0x00007ffdd2740000 - 0x00007ffdd27c0000 	C:\WINDOWS\System32\bcryptPrimitives.dll
0x00007ffdad890000 - 0x00007ffdad8b9000 	C:\Program Files\Android\Android Studio\jre\bin\java.dll
0x00007ffdce490000 - 0x00007ffdce49b000 	C:\Program Files\Android\Android Studio\jre\bin\jimage.dll
0x00007ffdb4450000 - 0x00007ffdb4468000 	C:\Program Files\Android\Android Studio\jre\bin\zip.dll

dbghelp: loaded successfully - version: 4.0.5 - missing functions: none
symbol engine: initialized successfully - sym options: 0x614 - pdb path: .;C:\Program Files\Android\Android Studio\jre\bin;C:\WINDOWS\SYSTEM32;C:\WINDOWS\WinSxS\amd64_microsoft.windows.common-controls_6595b64144ccf1df_6.0.22000.120_none_9d947278b86cc467;C:\Program Files\Android\Android Studio\jre\bin\server

VM Arguments:
java_command: org.jetbrains.git4idea.http.GitAskPassApp Username for 'https://github.com': 
java_class_path (initial): C:/Program Files/Android/Android Studio/plugins/git4idea/lib/git4idea-rt.jar;C:/Program Files/Android/Android Studio/lib/xmlrpc-2.0.1.jar;C:/Program Files/Android/Android Studio/lib/commons-codec-1.14.jar
Launcher Type: SUN_STANDARD

[Global flags]
     intx CICompilerCount                          = 4                                         {product} {ergonomic}
     uint ConcGCThreads                            = 2                                         {product} {ergonomic}
     uint G1ConcRefinementThreads                  = 8                                         {product} {ergonomic}
   size_t G1HeapRegionSize                         = 1048576                                   {product} {ergonomic}
    uintx GCDrainStackTargetSize                   = 64                                        {product} {ergonomic}
   size_t InitialHeapSize                          = 251658240                                 {product} {ergonomic}
   size_t MarkStackSize                            = 4194304                                   {product} {ergonomic}
   size_t MaxHeapSize                              = 4011851776                                {product} {ergonomic}
   size_t MinHeapDeltaBytes                        = 1048576                                   {product} {ergonomic}
    uintx NonNMethodCodeHeapSize                   = 5836300                                {pd product} {ergonomic}
    uintx NonProfiledCodeHeapSize                  = 122910970                              {pd product} {ergonomic}
    uintx ProfiledCodeHeapSize                     = 122910970                              {pd product} {ergonomic}
    uintx ReservedCodeCacheSize                    = 251658240                              {pd product} {ergonomic}
     bool SegmentedCodeCache                       = true                                      {product} {ergonomic}
     bool UseCompressedClassPointers               = true                                 {lp64_product} {ergonomic}
     bool UseCompressedOops                        = true                                 {lp64_product} {ergonomic}
     bool UseG1GC                                  = true                                      {product} {ergonomic}
     bool UseLargePagesIndividualAllocation        = false                                  {pd product} {ergonomic}

Logging:
Log output configuration:
 #0: stdout all=warning uptime,level,tags
 #1: stderr all=off uptime,level,tags

Environment Variables:
PATH=C:\Program Files\Git\mingw64\libexec\git-core;C:\Program Files\Git\mingw64\libexec\git-core;C:\Program Files\Git\mingw64\bin;C:\Program Files\Git\usr\bin;C:\Users\777\bin;C:\Program Files (x86)\Common Files\Intel\Shared Files\cpp\bin\Intel64;C:\Program Files (x86)\Common Files\Intel\Shared Files\cpp\bin\ia32;C:\WINDOWS\system32;C:\WINDOWS;C:\WINDOWS\System32\Wbem;C:\WINDOWS\System32\WindowsPowerShell\v1.0;C:\WINDOWS\System32\OpenSSH;C:\Program Files\Git\cmd;C:\Program Files\dotnet;C:\Users\777\AppData\Local\Microsoft\WindowsApps;C:\Users\777\AppData\Local\GitHubDesktop\bin
USERNAME=Антон Алексеевич
DISPLAY=:0.0
LC_ALL=en_US.UTF-8
OS=Windows_NT
PROCESSOR_IDENTIFIER=AMD64 Family 23 Model 24 Stepping 1, AuthenticAMD



---------------  S Y S T E M  ---------------

OS: Windows 10 , 64 bit Build 22000 (10.0.22000.282)
OS uptime: 3 days 4:29 hours

CPU:total 8 (initial active 8) (8 cores per cpu, 2 threads per core) family 23 model 24 stepping 1 microcode 0x0, cmov, cx8, fxsr, mmx, sse, sse2, sse3, ssse3, sse4.1, sse4.2, popcnt, avx, avx2, aes, clmul, mmxext, 3dnowpref, lzcnt, sse4a, ht, tsc, tscinvbit, tscinv, bmi1, bmi2, adx, s

Memory: 4k page, system-wide physical 15297M (1075M free)
TotalPageFile size 30657M (AvailPageFile size 155M)
current process WorkingSet (physical memory assigned to process): 11M, peak: 11M
current process commit charge ("private bytes"): 60M, peak: 300M

vm_info: OpenJDK 64-Bit Server VM (11.0.10+0-b96-7249189) for windows-amd64 JRE (11.0.10+0-b96-7249189), built on Mar 31 2021 21:44:00 by "builder" with MS VC++ 14.0 (VS2015)

END.
